<?xml version="1.0" encoding="UTF-8"?>
<testng-results skipped="0" failed="0" ignored="2" total="3" passed="1">
  <reporter-output>
  </reporter-output>
  <suite name="Default suite" duration-ms="39" started-at="2017-02-18T19:08:55Z" finished-at="2017-02-18T19:08:55Z">
    <groups>
    </groups>
    <test name="Default test" duration-ms="39" started-at="2017-02-18T19:08:55Z" finished-at="2017-02-18T19:08:55Z">
      <class name="com.Loop.LoopPractic">
        <test-method status="PASS" signature="mm()[pri:0, instance:com.Loop.LoopPractic@573f2bb1]" name="mm" duration-ms="13" started-at="2017-02-18T14:08:55Z" finished-at="2017-02-18T14:08:55Z">
          <reporter-output>
          </reporter-output>
        </test-method> <!-- mm -->
      </class> <!-- com.Loop.LoopPractic -->
    </test> <!-- Default test -->
  </suite> <!-- Default suite -->
</testng-results>
