<?xml version="1.0" encoding="UTF-8"?>
<!-- Generated by org.testng.reporters.JUnitXMLReporter -->
<testsuite hostname="pushpo" ignored="2" name="Default test" tests="1" failures="0" timestamp="18 Feb 2017 19:08:55 GMT" time="0.039" errors="0">
  <testcase name="mm" time="0.013" classname="com.Loop.LoopPractic"/>
  <testcase name="loopTest" time="0.0" classname="com.Loop.LoopPractic">
    <ignored/>
  </testcase> <!-- loopTest -->
  <testcase name="m4" time="0.0" classname="com.Loop.LoopPractic">
    <ignored/>
  </testcase> <!-- m4 -->
</testsuite> <!-- Default test -->
